Arguments: 
  C:\Program Files\nodejs\node.exe C:\Users\Edu\AppData\Roaming\npm\node_modules\yarn\bin\yarn.js add @react-navigation/native

PATH: 
  C:\Program Files (x86)\Common Files\Oracle\Java\javapath;C:\Program Files\OpenJDK\jdk-8.0.262.10-hotspot\bin;C:\Windows\system32;C:\Windows;C:\Windows\System32\Wbem;C:\Windows\System32\WindowsPowerShell\v1.0\;C:\Windows\System32\OpenSSH\;C:\Program Files\nodejs\;C:\Program Files\Git\cmd;C:\Users\Edu\AppData\Local\Microsoft\WindowsApps;C:\Users\Edu\AppData\Local\Programs\Microsoft VS Code\bin;C:\Users\Edu\AppData\Roaming\npm;C:\Users\Edu\AppData\Local\Android\Sdk\emulator;C:\Users\Edu\AppData\Local\Android\Sdk\tools;C:\Users\Edu\AppData\Local\Android\Sdk\tools\bin;C:\Users\Edu\AppData\Local\Android\Sdk\platform-tools;C:\Users\Edu\AppData\Roaming\npm;C:\Program Files\nodejs;

Yarn version: 
  1.22.10

Node version: 
  14.15.4

Platform: 
  win32 x64

Trace: 
  Error: EPERM: operation not permitted, unlink 'C:\Users\Edu\Desktop\kinvo-mobile-test-master\core\app\node_modules\@babel\plugin-external-helpers\lib'

npm manifest: 
  {
    "main": "node_modules/expo/AppEntry.js",
    "scripts": {
      "start": "expo start",
      "android": "expo start --android",
      "ios": "expo start --ios",
      "web": "expo start --web",
      "eject": "expo eject"
    },
    "dependencies": {
      "expo": "~40.0.0",
      "expo-status-bar": "~1.0.3",
      "react": "16.13.1",
      "react-dom": "16.13.1",
      "react-native": "https://github.com/expo/react-native/archive/sdk-40.0.1.tar.gz",
      "react-native-web": "~0.13.12",
      "expo-font": "~8.4.0"
    },
    "devDependencies": {
      "@babel/core": "~7.9.0",
      "@types/react": "~16.9.35",
      "@types/react-dom": "~16.9.8",
      "@types/react-native": "~0.63.2",
      "typescript": "~4.0.0"
    },
    "private": true
  }

yarn manifest: 
  No manifest

Lockfile: 
  No lockfile
